<?xml version="1.0" encoding="UTF-8"?>
<testng-results skipped="0" failed="1" ignored="0" total="1" passed="0">
  <reporter-output>
  </reporter-output>
  <suite name="Suite" duration-ms="10892" started-at="2020-05-10T18:41:21 EDT" finished-at="2020-05-10T18:41:32 EDT">
    <groups>
    </groups>
    <test name="Test" duration-ms="10892" started-at="2020-05-10T18:41:21 EDT" finished-at="2020-05-10T18:41:32 EDT">
      <class name="TestCases.LogingTestCRM">
        <test-method status="PASS" signature="setupSuite()[pri:0, instance:TestCases.LogingTestCRM@711f39f9]" name="setupSuite" is-config="true" duration-ms="852" started-at="2020-05-10T18:41:20 EDT" finished-at="2020-05-10T18:41:21 EDT">
          <reporter-output>
          </reporter-output>
        </test-method> <!-- setupSuite -->
        <test-method status="PASS" signature="setup()[pri:0, instance:TestCases.LogingTestCRM@711f39f9]" name="setup" is-config="true" duration-ms="7854" started-at="2020-05-10T18:41:21 EDT" finished-at="2020-05-10T18:41:29 EDT">
          <reporter-output>
          </reporter-output>
        </test-method> <!-- setup -->
        <test-method status="FAIL" signature="loginApps()[pri:0, instance:TestCases.LogingTestCRM@711f39f9]" name="loginApps" duration-ms="64" started-at="2020-05-10T18:41:29 EDT" finished-at="2020-05-10T18:41:29 EDT">
          <exception class="java.lang.NullPointerException">
            <full-stacktrace>
              <![CDATA[java.lang.NullPointerException
at TestCases.LogingTestCRM.loginApps(LogingTestCRM.java:23)
at sun.reflect.NativeMethodAccessorImpl.invoke0(Native Method)
at sun.reflect.NativeMethodAccessorImpl.invoke(Unknown Source)
at sun.reflect.DelegatingMethodAccessorImpl.invoke(Unknown Source)
at java.lang.reflect.Method.invoke(Unknown Source)
at org.testng.internal.MethodInvocationHelper.invokeMethod(MethodInvocationHelper.java:134)
at org.testng.internal.TestInvoker.invokeMethod(TestInvoker.java:597)
at org.testng.internal.TestInvoker.invokeTestMethod(TestInvoker.java:173)
at org.testng.internal.MethodRunner.runInSequence(MethodRunner.java:46)
at org.testng.internal.TestInvoker$MethodInvocationAgent.invoke(TestInvoker.java:816)
at org.testng.internal.TestInvoker.invokeTestMethods(TestInvoker.java:146)
at org.testng.internal.TestMethodWorker.invokeTestMethods(TestMethodWorker.java:146)
at org.testng.internal.TestMethodWorker.run(TestMethodWorker.java:128)
at java.util.ArrayList.forEach(Unknown Source)
at org.testng.TestRunner.privateRun(TestRunner.java:766)
at org.testng.TestRunner.run(TestRunner.java:587)
at org.testng.SuiteRunner.runTest(SuiteRunner.java:384)
at org.testng.SuiteRunner.runSequentially(SuiteRunner.java:378)
at org.testng.SuiteRunner.privateRun(SuiteRunner.java:337)
at org.testng.SuiteRunner.run(SuiteRunner.java:286)
at org.testng.SuiteRunnerWorker.runSuite(SuiteRunnerWorker.java:53)
at org.testng.SuiteRunnerWorker.run(SuiteRunnerWorker.java:96)
at org.testng.TestNG.runSuitesSequentially(TestNG.java:1187)
at org.testng.TestNG.runSuitesLocally(TestNG.java:1109)
at org.testng.TestNG.runSuites(TestNG.java:1039)
at org.testng.TestNG.run(TestNG.java:1007)
at org.testng.remote.AbstractRemoteTestNG.run(AbstractRemoteTestNG.java:115)
at org.testng.remote.RemoteTestNG.initAndRun(RemoteTestNG.java:251)
at org.testng.remote.RemoteTestNG.main(RemoteTestNG.java:77)
]]>
            </full-stacktrace>
          </exception> <!-- java.lang.NullPointerException -->
          <reporter-output>
          </reporter-output>
        </test-method> <!-- loginApps -->
        <test-method status="PASS" signature="tearDownMethod(org.testng.ITestResult)[pri:0, instance:TestCases.LogingTestCRM@711f39f9]" name="tearDownMethod" is-config="true" duration-ms="2199" started-at="2020-05-10T18:41:29 EDT" finished-at="2020-05-10T18:41:31 EDT">
          <params>
            <param index="0">
              <value>
                <![CDATA[[TestResult name=loginApps status=FAILURE method=LogingTestCRM.loginApps()[pri:0, instance:TestCases.LogingTestCRM@711f39f9] output={null}]]]>
              </value>
            </param>
          </params>
          <reporter-output>
          </reporter-output>
        </test-method> <!-- tearDownMethod -->
        <test-method status="PASS" signature="tearDown()[pri:0, instance:TestCases.LogingTestCRM@711f39f9]" name="tearDown" is-config="true" duration-ms="708" started-at="2020-05-10T18:41:31 EDT" finished-at="2020-05-10T18:41:32 EDT">
          <reporter-output>
          </reporter-output>
        </test-method> <!-- tearDown -->
      </class> <!-- TestCases.LogingTestCRM -->
    </test> <!-- Test -->
  </suite> <!-- Suite -->
</testng-results>
