<?xml version="1.0" encoding="UTF-8"?>
<!-- Generated by org.testng.reporters.JUnitXMLReporter -->
<testsuite hostname="DESKTOP-H4BVQ2V" ignored="0" name="Test" tests="1" failures="1" timestamp="2020-05-10T18:41:32 EDT" time="10.892" errors="0">
  <testcase name="loginApps" time="0.064" classname="TestCases.LogingTestCRM">
    <failure type="java.lang.NullPointerException">
      <![CDATA[java.lang.NullPointerException
at TestCases.LogingTestCRM.loginApps(LogingTestCRM.java:23)
at java.util.ArrayList.forEach(Unknown Source)
... Removed 27 stack frames]]>
    </failure>
  </testcase> <!-- loginApps -->
</testsuite> <!-- Test -->
